Microsoft (R) Macro Assembler Version 5.00                  6/12/23 12:49:33
                                                             Page     1-1


       1 0000				stack segment para stack 
       2 0000  0040[				db 64 dup ('_') 
       3	   5F			
       4			 ]	
       5				
       6 0040				stack ends 
       7 0000				data segment 
       8 0000  48 65 6C 6C 6F 20 57		string db 'Hello World, from As
					sembly!','$' 
       9       6F 72 6C 64 2C 20 66	
      10       72 6F 6D 20 41 73 73	
      11       65 6D 62 6C 79 21 24	
      12				;	include proc.inc 
      13 001C				data ends 
      14				 
      15 0000				code segment 
      16					assume cs:code, ds:data, ss:sta
					ck 
      17 0000  B8 ---- R			mov ax,data 
      18 0003  8E D8				mov ds,ax 
      19 0005  B8 ---- R			mov ax,stack 
      20 0008  8E D0				mov ss,ax 
      21				 
      22 000A					main proc 
      23					 
      24 000A  E8 0011 R				call show_string 
      25						 
      26 000D  B4 4C					mov ah, 4ch 
      27 000F  CD 21					int 21h 
      28					 
      29 0011					main endp 
      30					 
      31 0011					show_string proc 
      32					 
      33 0011  B4 09					mov ah, 09h 
      34 0013  8D 16 0000 R				lea dx, string 
      35 0017  CD 21					int 21h 
      36				 
      37 0019  C3					ret 
      38 001A					show_string endp 
      39				 
      40 001A				code ends 
      41				end 
Microsoft (R) Macro Assembler Version 5.00                  6/12/23 12:49:33
                                                             Symbols-1


Segments and Groups:

                N a m e         	Length	 Align	Combine Class

CODE . . . . . . . . . . . . . .  	001A	PARA	NONE	
DATA . . . . . . . . . . . . . .  	001C	PARA	NONE	
STACK  . . . . . . . . . . . . .  	0040	PARA	STACK	

Symbols:            

                N a m e         	Type	 Value	 Attr

MAIN . . . . . . . . . . . . . .  	N PROC	000A	CODE	Length = 0007

SHOW_STRING  . . . . . . . . . .  	N PROC	0011	CODE	Length = 0009
STRING . . . . . . . . . . . . .  	L BYTE	0000	DATA

@FILENAME  . . . . . . . . . . .  	TEXT  MAIN		


     35 Source  Lines
     35 Total   Lines
      8 Symbols

  50708 + 465836 Bytes symbol space free

      0 Warning Errors
      0 Severe  Errors
